

Microchip MPLAB XC8 Assembler V2.41 build 20230208172133 
                                                                                               Tue May 02 22:00:51 2023

Microchip MPLAB XC8 C Compiler v2.41 (Free license) build 20230208172133 Og1 
     1                           	processor	18F4321
     2                           	fnconf	rparam,??,?,0
     3                           	pagewidth 120
     4                           	opt	flic
     5                           	psect	cinit,global,reloc=2,class=CODE,delta=1
     6                           	psect	cstackCOMRAM,global,class=COMRAM,space=1,delta=1,lowdata,noexec
     7                           	psect	text0,global,reloc=2,class=CODE,delta=1
     8                           	psect	text1,global,reloc=2,class=CODE,delta=1
     9                           	psect	intsave_regs,global,class=BIGRAM,space=1,delta=1,noexec
    10                           	psect	rparam,global,class=COMRAM,space=1,delta=1,noexec
    11                           	psect	idloc,global,abs,ovrld,class=IDLOC,space=5,delta=1,noexec
    12                           	psect	config,global,abs,ovrld,class=CONFIG,space=4,delta=1,noexec
    13   000000                     
    14                           ; Generated 09/02/2023 GMT
    15                           ; 
    16                           ; Copyright © 2023, Microchip Technology Inc. and its subsidiaries ("Microchip")
    17                           ; All rights reserved.
    18                           ; 
    19                           ; This software is developed by Microchip Technology Inc. and its subsidiaries ("Microch
      +                          ip").
    20                           ; 
    21                           ; Redistribution and use in source and binary forms, with or without modification, are
    22                           ; permitted provided that the following conditions are met:
    23                           ; 
    24                           ;     1. Redistributions of source code must retain the above copyright notice, this lis
      +                          t of
    25                           ;        conditions and the following disclaimer.
    26                           ; 
    27                           ;     2. Redistributions in binary form must reproduce the above copyright notice, this 
      +                          list
    28                           ;        of conditions and the following disclaimer in the documentation and/or other
    29                           ;        materials provided with the distribution. Publication is not required when
    30                           ;        this file is used in an embedded application.
    31                           ; 
    32                           ;     3. Microchip's name may not be used to endorse or promote products derived from th
      +                          is
    33                           ;        software without specific prior written permission.
    34                           ; 
    35                           ; THIS SOFTWARE IS PROVIDED BY MICROCHIP "AS IS" AND ANY EXPRESS OR IMPLIED WARRANTIES,
    36                           ; INCLUDING, BUT NOT LIMITED TO, THE IMPLIED WARRANTIES OF MERCHANTABILITY AND FITNESS F
      +                          OR
    37                           ; PURPOSE ARE DISCLAIMED.  IN NO EVENT SHALL MICROCHIP BE LIABLE FOR ANY DIRECT, INDIREC
      +                          T,
    38                           ; INCIDENTAL, SPECIAL, EXEMPLARY, OR CONSEQUENTIAL DAMAGES (INCLUDING BUT NOT LIMITED TO
    39                           ; PROCUREMENT OF SUBSTITUTE GOODS OR SERVICES; LOSS OF USE, DATA OR PROFITS; OR BUSINESS
    40                           ; INTERRUPTION) HOWSOEVER CAUSED AND ON ANY THEORY OF LIABILITY, WHETHER IN CONTRACT, ST
      +                          RICT
    41                           ; LIABILITY, OR TORT (INCLUDING NEGLIGENCE OR OTHERWISE) ARISING IN ANY WAY OUT OF THE U
      +                          SE OF
    42                           ; THIS SOFTWARE, EVEN IF ADVISED OF THE POSSIBILITY OF SUCH DAMAGE.
    43                           ; 
    44                           ; 
    45                           ; Code-generator required, PIC18F4321 Definitions
    46                           ; 
    47                           ; SFR Addresses
    48   000000                     _RCON	set	4048
    49   000000                     _T0CON	set	4053
    50   000000                     _INTCON	set	4082
    51                           
    52                           ; #config settings
    53                           
    54                           	psect	cinit
    55   001FEE                     __pcinit:
    56                           	callstack 0
    57   001FEE                     start_initialization:
    58                           	callstack 0
    59   001FEE                     __initialization:
    60                           	callstack 0
    61   001FEE                     end_of_initialization:
    62                           	callstack 0
    63   001FEE                     __end_of__initialization:
    64                           	callstack 0
    65   001FEE  0100               	movlb	0
    66   001FF0  EFFA  F00F         	goto	_main	;jump to C main() function
    67                           
    68                           	psect	cstackCOMRAM
    69   000000                     __pcstackCOMRAM:
    70                           	callstack 0
    71   000000                     
    72                           ; 1 bytes @ 0x0
    73 ;;
    74 ;;Main: autosize = 0, tempsize = 0, incstack = 0, save=0
    75 ;;
    76 ;; *************** function _main *****************
    77 ;; Defined at:
    78 ;;		line 16 in file "main.c"
    79 ;; Parameters:    Size  Location     Type
    80 ;;		None
    81 ;; Auto vars:     Size  Location     Type
    82 ;;		None
    83 ;; Return value:  Size  Location     Type
    84 ;;                  1    wreg      void 
    85 ;; Registers used:
    86 ;;		cstack
    87 ;; Tracked objects:
    88 ;;		On entry : 0/0
    89 ;;		On exit  : 0/0
    90 ;;		Unchanged: 0/0
    91 ;; Data sizes:     COMRAM   BANK0   BANK1
    92 ;;      Params:         0       0       0
    93 ;;      Locals:         0       0       0
    94 ;;      Temps:          0       0       0
    95 ;;      Totals:         0       0       0
    96 ;;Total ram usage:        0 bytes
    97 ;; Hardware stack levels required when called: 1
    98 ;; This function calls:
    99 ;;		_setup
   100 ;; This function is called by:
   101 ;;		Startup code after reset
   102 ;; This function uses a non-reentrant model
   103 ;;
   104                           
   105                           	psect	text0
   106   001FF4                     __ptext0:
   107                           	callstack 0
   108   001FF4                     _main:
   109                           	callstack 30
   110   001FF4                     
   111                           ;main.c: 17:     setup();
   112   001FF4  ECF6  F00F         	call	_setup	;wreg free
   113   001FF8                     l8:
   114   001FF8  EFFC  F00F         	goto	l8
   115   001FFC  EF00  F000         	goto	start
   116   002000                     __end_of_main:
   117                           	callstack 0
   118                           
   119 ;; *************** function _setup *****************
   120 ;; Defined at:
   121 ;;		line 12 in file "main.c"
   122 ;; Parameters:    Size  Location     Type
   123 ;;		None
   124 ;; Auto vars:     Size  Location     Type
   125 ;;		None
   126 ;; Return value:  Size  Location     Type
   127 ;;                  1    wreg      void 
   128 ;; Registers used:
   129 ;;		None
   130 ;; Tracked objects:
   131 ;;		On entry : 0/0
   132 ;;		On exit  : 0/0
   133 ;;		Unchanged: 0/0
   134 ;; Data sizes:     COMRAM   BANK0   BANK1
   135 ;;      Params:         0       0       0
   136 ;;      Locals:         0       0       0
   137 ;;      Temps:          0       0       0
   138 ;;      Totals:         0       0       0
   139 ;;Total ram usage:        0 bytes
   140 ;; Hardware stack levels used: 1
   141 ;; This function calls:
   142 ;;		Nothing
   143 ;; This function is called by:
   144 ;;		_main
   145 ;; This function uses a non-reentrant model
   146 ;;
   147                           
   148                           	psect	text1
   149   001FEC                     __ptext1:
   150                           	callstack 0
   151   001FEC                     _setup:
   152                           	callstack 30
   153   001FEC  0012               	return		;funcret
   154   001FEE                     __end_of_setup:
   155                           	callstack 0
   156   000000                     
   157                           	psect	rparam
   158   000000                     
   159                           	psect	idloc
   160                           
   161                           ;Config register IDLOC0 @ 0x200000
   162                           ;	unspecified, using default values
   163   200000                     	org	2097152
   164   200000  FF                 	db	255
   165                           
   166                           ;Config register IDLOC1 @ 0x200001
   167                           ;	unspecified, using default values
   168   200001                     	org	2097153
   169   200001  FF                 	db	255
   170                           
   171                           ;Config register IDLOC2 @ 0x200002
   172                           ;	unspecified, using default values
   173   200002                     	org	2097154
   174   200002  FF                 	db	255
   175                           
   176                           ;Config register IDLOC3 @ 0x200003
   177                           ;	unspecified, using default values
   178   200003                     	org	2097155
   179   200003  FF                 	db	255
   180                           
   181                           ;Config register IDLOC4 @ 0x200004
   182                           ;	unspecified, using default values
   183   200004                     	org	2097156
   184   200004  FF                 	db	255
   185                           
   186                           ;Config register IDLOC5 @ 0x200005
   187                           ;	unspecified, using default values
   188   200005                     	org	2097157
   189   200005  FF                 	db	255
   190                           
   191                           ;Config register IDLOC6 @ 0x200006
   192                           ;	unspecified, using default values
   193   200006                     	org	2097158
   194   200006  FF                 	db	255
   195                           
   196                           ;Config register IDLOC7 @ 0x200007
   197                           ;	unspecified, using default values
   198   200007                     	org	2097159
   199   200007  FF                 	db	255
   200                           
   201                           	psect	config
   202                           
   203                           ; Padding undefined space
   204   300000                     	org	3145728
   205   300000  FF                 	db	255
   206                           
   207                           ;Config register CONFIG1H @ 0x300001
   208                           ;	unspecified, using default values
   209                           ;	Oscillator
   210                           ;	OSC = 0x7, unprogrammed default
   211                           ;	Fail-Safe Clock Monitor Enable bit
   212                           ;	FCMEN = 0x0, unprogrammed default
   213                           ;	Internal/External Oscillator Switchover bit
   214                           ;	IESO = 0x0, unprogrammed default
   215   300001                     	org	3145729
   216   300001  07                 	db	7
   217                           
   218                           ;Config register CONFIG2L @ 0x300002
   219                           ;	unspecified, using default values
   220                           ;	Power-up Timer Enable bit
   221                           ;	PWRT = 0x1, unprogrammed default
   222                           ;	Brown-out Reset Enable bits
   223                           ;	BOR = 0x3, unprogrammed default
   224                           ;	Brown-out Reset Voltage bits
   225                           ;	BORV = 0x3, unprogrammed default
   226   300002                     	org	3145730
   227   300002  1F                 	db	31
   228                           
   229                           ;Config register CONFIG2H @ 0x300003
   230                           ;	unspecified, using default values
   231                           ;	Watchdog Timer Enable bit
   232                           ;	WDT = 0x1, unprogrammed default
   233                           ;	Watchdog Timer Postscale Select bits
   234                           ;	WDTPS = 0xF, unprogrammed default
   235   300003                     	org	3145731
   236   300003  1F                 	db	31
   237                           
   238                           ; Padding undefined space
   239   300004                     	org	3145732
   240   300004  FF                 	db	255
   241                           
   242                           ;Config register CONFIG3H @ 0x300005
   243                           ;	unspecified, using default values
   244                           ;	CCP2 MUX bit
   245                           ;	CCP2MX = 0x1, unprogrammed default
   246                           ;	PORTB A/D Enable bit
   247                           ;	PBADEN = 0x1, unprogrammed default
   248                           ;	Low-Power Timer1 Oscillator Enable bit
   249                           ;	LPT1OSC = 0x0, unprogrammed default
   250                           ;	MCLR Pin Enable bit
   251                           ;	MCLRE = 0x1, unprogrammed default
   252   300005                     	org	3145733
   253   300005  83                 	db	131
   254                           
   255                           ;Config register CONFIG4L @ 0x300006
   256                           ;	unspecified, using default values
   257                           ;	Stack Full/Underflow Reset Enable bit
   258                           ;	STVREN = 0x1, unprogrammed default
   259                           ;	Single-Supply ICSP Enable bit
   260                           ;	LVP = 0x1, unprogrammed default
   261                           ;	Boot Block Size Select bits
   262                           ;	BBSIZ = 0x0, unprogrammed default
   263                           ;	Extended Instruction Set Enable bit
   264                           ;	XINST = 0x0, unprogrammed default
   265                           ;	Background Debugger Enable bit
   266                           ;	DEBUG = 0x1, unprogrammed default
   267   300006                     	org	3145734
   268   300006  85                 	db	133
   269                           
   270                           ; Padding undefined space
   271   300007                     	org	3145735
   272   300007  FF                 	db	255
   273                           
   274                           ;Config register CONFIG5L @ 0x300008
   275                           ;	unspecified, using default values
   276                           ;	Code Protection bit
   277                           ;	CP0 = 0x1, unprogrammed default
   278                           ;	Code Protection bit
   279                           ;	CP1 = 0x1, unprogrammed default
   280   300008                     	org	3145736
   281   300008  03                 	db	3
   282                           
   283                           ;Config register CONFIG5H @ 0x300009
   284                           ;	unspecified, using default values
   285                           ;	Boot Block Code Protection bitProtect Boot
   286                           ;	CPB = 0x1, unprogrammed default
   287                           ;	Data EEPROM Code Protection bit
   288                           ;	CPD = 0x1, unprogrammed default
   289   300009                     	org	3145737
   290   300009  C0                 	db	192
   291                           
   292                           ;Config register CONFIG6L @ 0x30000A
   293                           ;	unspecified, using default values
   294                           ;	Write Protection bit
   295                           ;	WRT0 = 0x1, unprogrammed default
   296                           ;	Write Protection bit
   297                           ;	WRT1 = 0x1, unprogrammed default
   298   30000A                     	org	3145738
   299   30000A  03                 	db	3
   300                           
   301                           ;Config register CONFIG6H @ 0x30000B
   302                           ;	unspecified, using default values
   303                           ;	Configuration Register Write Protection bit
   304                           ;	WRTC = 0x1, unprogrammed default
   305                           ;	Boot Block Write Protection bit
   306                           ;	WRTB = 0x1, unprogrammed default
   307                           ;	Data EEPROM Write Protection bit
   308                           ;	WRTD = 0x1, unprogrammed default
   309   30000B                     	org	3145739
   310   30000B  E0                 	db	224
   311                           
   312                           ;Config register CONFIG7L @ 0x30000C
   313                           ;	unspecified, using default values
   314                           ;	Table Read Protection bit
   315                           ;	EBTR0 = 0x1, unprogrammed default
   316                           ;	Table Read Protection bit
   317                           ;	EBTR1 = 0x1, unprogrammed default
   318   30000C                     	org	3145740
   319   30000C  03                 	db	3
   320                           
   321                           ;Config register CONFIG7H @ 0x30000D
   322                           ;	unspecified, using default values
   323                           ;	Boot Block Table Read Protection bit
   324                           ;	EBTRB = 0x1, unprogrammed default
   325   30000D                     	org	3145741
   326   30000D  40                 	db	64
   327                           tosu	equ	0xFFF
   328                           tosh	equ	0xFFE
   329                           tosl	equ	0xFFD
   330                           stkptr	equ	0xFFC
   331                           pclatu	equ	0xFFB
   332                           pclath	equ	0xFFA
   333                           pcl	equ	0xFF9
   334                           tblptru	equ	0xFF8
   335                           tblptrh	equ	0xFF7
   336                           tblptrl	equ	0xFF6
   337                           tablat	equ	0xFF5
   338                           prodh	equ	0xFF4
   339                           prodl	equ	0xFF3
   340                           indf0	equ	0xFEF
   341                           postinc0	equ	0xFEE
   342                           postdec0	equ	0xFED
   343                           preinc0	equ	0xFEC
   344                           plusw0	equ	0xFEB
   345                           fsr0h	equ	0xFEA
   346                           fsr0l	equ	0xFE9
   347                           wreg	equ	0xFE8
   348                           indf1	equ	0xFE7
   349                           postinc1	equ	0xFE6
   350                           postdec1	equ	0xFE5
   351                           preinc1	equ	0xFE4
   352                           plusw1	equ	0xFE3
   353                           fsr1h	equ	0xFE2
   354                           fsr1l	equ	0xFE1
   355                           bsr	equ	0xFE0
   356                           indf2	equ	0xFDF
   357                           postinc2	equ	0xFDE
   358                           postdec2	equ	0xFDD
   359                           preinc2	equ	0xFDC
   360                           plusw2	equ	0xFDB
   361                           fsr2h	equ	0xFDA
   362                           fsr2l	equ	0xFD9
   363                           status	equ	0xFD8

Data Sizes:
    Strings     0
    Constant    0
    Data        0
    BSS         0
    Persistent  0
    Stack       0

Auto Spaces:
    Space          Size  Autos    Used
    COMRAM          127      0       0
    BANK0           128      0       0
    BANK1           256      0       0

Pointer List with Targets:

    None.

Critical Paths under _main in COMRAM

    None.

Critical Paths under _main in BANK0

    None.

Critical Paths under _main in BANK1

    None.

Call Graph Tables:

 ---------------------------------------------------------------------------------
 (Depth) Function   	        Calls       Base Space   Used Autos Params    Refs
 ---------------------------------------------------------------------------------
 (0) _main                                                 0     0      0       0
                              _setup
 ---------------------------------------------------------------------------------
 (1) _setup                                                0     0      0       0
 ---------------------------------------------------------------------------------
 Estimated maximum stack depth 1
 ---------------------------------------------------------------------------------

 Call Graph Graphs:

 _main (ROOT)
   _setup

 Address spaces:
Name               Size   Autos  Total    Cost      Usage
BITCOMRAM           7F      0       0       0        0.0%
EEDATA             100      0       0       0        0.0%
NULL                 0      0       0       0        0.0%
CODE                 0      0       0       0        0.0%
COMRAM              7F      0       0       1        0.0%
STACK                0      0       0       2        0.0%
DATA                 0      0       0       3        0.0%
BITBANK0            80      0       0       4        0.0%
BANK0               80      0       0       5        0.0%
BITBANK1           100      0       0       6        0.0%
BANK1              100      0       0       7        0.0%
BITBIGSFRhh          D      0       0       8        0.0%
BITBIGSFRhlh        1C      0       0       9        0.0%
BITBIGSFRhll         4      0       0      10        0.0%
BITBIGSFRl          50      0       0      11        0.0%
ABS                  0      0       0      12        0.0%
BIGRAM             1FF      0       0      13        0.0%
BIGSFR               0      0       0     200        0.0%
BITSFR               0      0       0     200        0.0%
SFR                  0      0       0     200        0.0%


Microchip Technology PIC18 Macro Assembler V2.41 build 20230208172133 
Symbol Table                                                                                   Tue May 02 22:00:51 2023

                      l3 1FEC                        l8 1FF8                        l9 1FF8  
                    l699 1FF4                     _RCON 0FD0                     _main 1FF4  
                   start 0000             ___param_bank 0000                    ?_main 0000  
                  _T0CON 0FD5                    _setup 1FEC          __initialization 1FEE  
           __end_of_main 2000                   ??_main 0000            __activetblptr 0000  
                 ?_setup 0000                   _INTCON 0FF2                   isa$std 0001  
             __accesstop 0080  __end_of__initialization 1FEE            ___rparam_used 0001  
         __pcstackCOMRAM 0000            __end_of_setup 1FEE                  ??_setup 0000  
                __Hparam 0000                  __Lparam 0000                  __pcinit 1FEE  
                __ramtop 0200                  __ptext0 1FF4                  __ptext1 1FEC  
   end_of_initialization 1FEE      start_initialization 1FEE                 __Hrparam 0000  
               __Lrparam 0000                 isa$xinst 0000  
